2025-08-219 16:46 o.h.validator.internal.util.Version-HV000001: Hibernate Validator 8.0.2.Final
2025-08-219 16:46 c.e.o.OrdersystemApplication-Starting OrdersystemApplication using Java 17.0.15 with PID 20787 (/Users/gwonsuyeon/Documents/ordersystem/out/production/classes started by gwonsuyeon in /Users/gwonsuyeon/Documents/ordersystem)
2025-08-219 16:46 c.e.o.OrdersystemApplication-The following 1 profile is active: "prod"
2025-08-219 16:46 o.s.d.r.c.RepositoryConfigurationDelegate-Multiple Spring Data modules found, entering strict repository configuration mode
2025-08-219 16:46 o.s.d.r.c.RepositoryConfigurationDelegate-Bootstrapping Spring Data JPA repositories in DEFAULT mode.
2025-08-219 16:46 o.s.d.r.c.RepositoryConfigurationDelegate-Finished Spring Data repository scanning in 47 ms. Found 4 JPA repository interfaces.
2025-08-219 16:46 o.s.d.r.c.RepositoryConfigurationDelegate-Multiple Spring Data modules found, entering strict repository configuration mode
2025-08-219 16:46 o.s.d.r.c.RepositoryConfigurationDelegate-Bootstrapping Spring Data Redis repositories in DEFAULT mode.
2025-08-219 16:46 o.s.d.r.c.RepositoryConfigurationExtensionSupport-Spring Data Redis - Could not safely identify store assignment for repository candidate interface com.example.ordersystem.member.repository.MemberRepository; If you want this repository to be a Redis repository, consider annotating your entities with one of these annotations: org.springframework.data.redis.core.RedisHash (preferred), or consider extending one of the following types with your repository: org.springframework.data.keyvalue.repository.KeyValueRepository
2025-08-219 16:46 o.s.d.r.c.RepositoryConfigurationExtensionSupport-Spring Data Redis - Could not safely identify store assignment for repository candidate interface com.example.ordersystem.ordering.repository.OrderDetailRepository; If you want this repository to be a Redis repository, consider annotating your entities with one of these annotations: org.springframework.data.redis.core.RedisHash (preferred), or consider extending one of the following types with your repository: org.springframework.data.keyvalue.repository.KeyValueRepository
2025-08-219 16:46 o.s.d.r.c.RepositoryConfigurationExtensionSupport-Spring Data Redis - Could not safely identify store assignment for repository candidate interface com.example.ordersystem.ordering.repository.OrderingRepository; If you want this repository to be a Redis repository, consider annotating your entities with one of these annotations: org.springframework.data.redis.core.RedisHash (preferred), or consider extending one of the following types with your repository: org.springframework.data.keyvalue.repository.KeyValueRepository
2025-08-219 16:46 o.s.d.r.c.RepositoryConfigurationExtensionSupport-Spring Data Redis - Could not safely identify store assignment for repository candidate interface com.example.ordersystem.product.repository.ProductRepository; If you want this repository to be a Redis repository, consider annotating your entities with one of these annotations: org.springframework.data.redis.core.RedisHash (preferred), or consider extending one of the following types with your repository: org.springframework.data.keyvalue.repository.KeyValueRepository
2025-08-219 16:46 o.s.d.r.c.RepositoryConfigurationDelegate-Finished Spring Data repository scanning in 3 ms. Found 0 Redis repository interfaces.
2025-08-219 16:46 o.s.b.w.e.tomcat.TomcatWebServer-Tomcat initialized with port 8080 (http)
2025-08-219 16:46 o.a.coyote.http11.Http11NioProtocol-Initializing ProtocolHandler ["http-nio-8080"]
2025-08-219 16:46 o.a.catalina.core.StandardService-Starting service [Tomcat]
2025-08-219 16:46 o.a.catalina.core.StandardEngine-Starting Servlet engine: [Apache Tomcat/10.1.43]
2025-08-219 16:46 o.a.c.c.C.[Tomcat].[localhost].[/]-Initializing Spring embedded WebApplicationContext
2025-08-219 16:46 o.s.b.w.s.c.ServletWebServerApplicationContext-Root WebApplicationContext: initialization completed in 680 ms
2025-08-219 16:46 o.h.jpa.internal.util.LogHelper-HHH000204: Processing PersistenceUnitInfo [name: default]
2025-08-219 16:46 org.hibernate.Version-HHH000412: Hibernate ORM core version 6.6.22.Final
2025-08-219 16:46 o.h.c.i.RegionFactoryInitiator-HHH000026: Second-level cache disabled
2025-08-219 16:46 o.s.o.j.p.SpringPersistenceUnitInfo-No LoadTimeWeaver setup: ignoring JPA class transformer
2025-08-219 16:46 com.zaxxer.hikari.HikariDataSource-HikariPool-1 - Starting...
2025-08-219 16:46 com.zaxxer.hikari.pool.HikariPool-HikariPool-1 - Added connection org.mariadb.jdbc.Connection@60a99f3d
2025-08-219 16:46 com.zaxxer.hikari.HikariDataSource-HikariPool-1 - Start completed.
2025-08-219 16:46 org.hibernate.orm.deprecation-HHH90000025: MariaDBDialect does not need to be specified explicitly using 'hibernate.dialect' (remove the property setting and it will be selected by default)
2025-08-219 16:46 o.hibernate.orm.connections.pooling-HHH10001005: Database info:
	Database JDBC URL [Connecting through datasource 'HikariDataSource (HikariPool-1)']
	Database driver: undefined/unknown
	Database version: 11.8.2
	Autocommit mode: undefined/unknown
	Isolation level: undefined/unknown
	Minimum pool size: undefined/unknown
	Maximum pool size: undefined/unknown
2025-08-219 16:46 o.h.e.t.j.p.i.JtaPlatformInitiator-HHH000489: No JTA platform available (set 'hibernate.transaction.jta.platform' to enable JTA platform integration)
2025-08-219 16:46 o.s.o.j.LocalContainerEntityManagerFactoryBean-Initialized JPA EntityManagerFactory for persistence unit 'default'
2025-08-219 16:46 o.s.b.a.o.j.JpaBaseConfiguration$JpaWebConfiguration-spring.jpa.open-in-view is enabled by default. Therefore, database queries may be performed during view rendering. Explicitly configure spring.jpa.open-in-view to disable this warning
2025-08-219 16:46 o.s.b.a.s.s.UserDetailsServiceAutoConfiguration-

Using generated security password: 25874519-039c-47db-a54f-2218e8d967fe

This generated password is for development use only. Your security configuration must be updated before running your application in production.

2025-08-219 16:46 o.s.s.c.a.a.c.InitializeUserDetailsBeanManagerConfigurer$InitializeUserDetailsManagerConfigurer-Global AuthenticationManager configured with UserDetailsService bean with name inMemoryUserDetailsManager
2025-08-219 16:46 o.a.coyote.http11.Http11NioProtocol-Starting ProtocolHandler ["http-nio-8080"]
2025-08-219 16:46 o.s.b.w.e.tomcat.TomcatWebServer-Tomcat started on port 8080 (http) with context path '/'
2025-08-219 16:46 o.s.a.r.c.CachingConnectionFactory-Attempting to connect to: localhost:5672
2025-08-219 16:46 o.s.a.r.l.SimpleMessageListenerContainer-Broker not available; cannot force queue declarations during start: java.net.ConnectException: Connection refused
2025-08-219 16:46 o.s.a.r.c.CachingConnectionFactory-Attempting to connect to: localhost:5672
2025-08-219 16:46 o.s.a.r.l.SimpleMessageListenerContainer-Failed to check/redeclare auto-delete queue(s).
org.springframework.amqp.AmqpConnectException: java.net.ConnectException: Connection refused
	at org.springframework.amqp.rabbit.support.RabbitExceptionTranslator.convertRabbitAccessException(RabbitExceptionTranslator.java:61)
	at org.springframework.amqp.rabbit.connection.AbstractConnectionFactory.createBareConnection(AbstractConnectionFactory.java:632)
	at org.springframework.amqp.rabbit.connection.CachingConnectionFactory.createConnection(CachingConnectionFactory.java:726)
	at org.springframework.amqp.rabbit.connection.ConnectionFactoryUtils.createConnection(ConnectionFactoryUtils.java:257)
	at org.springframework.amqp.rabbit.core.RabbitTemplate.doExecute(RabbitTemplate.java:2262)
	at org.springframework.amqp.rabbit.core.RabbitTemplate.execute(RabbitTemplate.java:2235)
	at org.springframework.amqp.rabbit.core.RabbitTemplate.execute(RabbitTemplate.java:2215)
	at org.springframework.amqp.rabbit.core.RabbitAdmin.getQueueInfo(RabbitAdmin.java:467)
	at org.springframework.amqp.rabbit.core.RabbitAdmin.getQueueProperties(RabbitAdmin.java:451)
	at org.springframework.amqp.rabbit.listener.AbstractMessageListenerContainer.attemptDeclarations(AbstractMessageListenerContainer.java:1972)
	at org.springframework.amqp.rabbit.listener.AbstractMessageListenerContainer.redeclareElementsIfNecessary(AbstractMessageListenerContainer.java:1936)
	at org.springframework.amqp.rabbit.listener.SimpleMessageListenerContainer$AsyncMessageProcessingConsumer.initialize(SimpleMessageListenerContainer.java:1481)
	at org.springframework.amqp.rabbit.listener.SimpleMessageListenerContainer$AsyncMessageProcessingConsumer.run(SimpleMessageListenerContainer.java:1322)
	at java.base/java.lang.Thread.run(Thread.java:840)
Caused by: java.net.ConnectException: Connection refused
	at java.base/sun.nio.ch.Net.pollConnect(Native Method)
	at java.base/sun.nio.ch.Net.pollConnectNow(Net.java:672)
	at java.base/sun.nio.ch.NioSocketImpl.timedFinishConnect(NioSocketImpl.java:547)
	at java.base/sun.nio.ch.NioSocketImpl.connect(NioSocketImpl.java:602)
	at java.base/java.net.SocksSocketImpl.connect(SocksSocketImpl.java:327)
	at java.base/java.net.Socket.connect(Socket.java:633)
	at com.rabbitmq.client.impl.SocketFrameHandlerFactory.create(SocketFrameHandlerFactory.java:61)
	at com.rabbitmq.client.ConnectionFactory.newConnection(ConnectionFactory.java:1249)
	at com.rabbitmq.client.ConnectionFactory.newConnection(ConnectionFactory.java:1198)
	at com.rabbitmq.client.ConnectionFactory.newConnection(ConnectionFactory.java:1369)
	at org.springframework.amqp.rabbit.connection.AbstractConnectionFactory.connectHostPort(AbstractConnectionFactory.java:695)
	at org.springframework.amqp.rabbit.connection.AbstractConnectionFactory.connect(AbstractConnectionFactory.java:650)
	at org.springframework.amqp.rabbit.connection.AbstractConnectionFactory.createBareConnection(AbstractConnectionFactory.java:593)
	... 12 common frames omitted
2025-08-219 16:46 o.s.a.r.c.CachingConnectionFactory-Attempting to connect to: localhost:5672
2025-08-219 16:46 c.e.o.OrdersystemApplication-Started OrdersystemApplication in 2.279 seconds (process running for 2.573)
2025-08-219 16:46 o.s.a.r.l.SimpleMessageListenerContainer-Consumer raised exception, processing can restart if the connection factory supports it. Exception summary: org.springframework.amqp.AmqpConnectException: java.net.ConnectException: Connection refused
2025-08-219 16:46 o.s.a.r.l.SimpleMessageListenerContainer-Restarting Consumer@504ed038: tags=[[]], channel=null, acknowledgeMode=AUTO local queue size=0
2025-08-219 16:46 o.s.a.r.c.CachingConnectionFactory-Attempting to connect to: localhost:5672
2025-08-219 16:46 o.s.a.r.l.SimpleMessageListenerContainer-Failed to check/redeclare auto-delete queue(s).
2025-08-219 16:46 o.s.a.r.c.CachingConnectionFactory-Attempting to connect to: localhost:5672
2025-08-219 16:46 o.s.a.r.l.SimpleMessageListenerContainer-Consumer raised exception, processing can restart if the connection factory supports it. Exception summary: org.springframework.amqp.AmqpConnectException: java.net.ConnectException: Connection refused
2025-08-219 16:46 o.s.a.r.l.SimpleMessageListenerContainer-Restarting Consumer@4e84b2a3: tags=[[]], channel=null, acknowledgeMode=AUTO local queue size=0
2025-08-219 16:46 o.s.a.r.c.CachingConnectionFactory-Attempting to connect to: localhost:5672
2025-08-219 16:46 o.s.a.r.l.SimpleMessageListenerContainer-Failed to check/redeclare auto-delete queue(s).
2025-08-219 16:46 o.s.a.r.c.CachingConnectionFactory-Attempting to connect to: localhost:5672
2025-08-219 16:46 o.s.a.r.l.SimpleMessageListenerContainer-Consumer raised exception, processing can restart if the connection factory supports it. Exception summary: org.springframework.amqp.AmqpConnectException: java.net.ConnectException: Connection refused
2025-08-219 16:46 o.s.a.r.l.SimpleMessageListenerContainer-Restarting Consumer@6342bdeb: tags=[[]], channel=null, acknowledgeMode=AUTO local queue size=0
2025-08-219 16:46 o.s.a.r.c.CachingConnectionFactory-Attempting to connect to: localhost:5672
2025-08-219 16:46 c.r.c.impl.ForgivingExceptionHandler-An unexpected connection driver error occurred (Exception message: Connection reset)
2025-08-219 16:46 c.r.c.impl.ForgivingExceptionHandler-An unexpected connection driver error occurred (Exception message: Connection reset)
2025-08-219 16:46 o.s.a.r.l.SimpleMessageListenerContainer-Failed to check/redeclare auto-delete queue(s).
2025-08-219 16:46 o.s.a.r.c.CachingConnectionFactory-Attempting to connect to: localhost:5672
2025-08-219 16:46 c.r.c.impl.ForgivingExceptionHandler-An unexpected connection driver error occurred (Exception message: Connection reset)
2025-08-219 16:46 c.r.c.impl.ForgivingExceptionHandler-An unexpected connection driver error occurred (Exception message: Connection reset)
2025-08-219 16:46 o.s.a.r.l.SimpleMessageListenerContainer-Waiting for workers to finish.
2025-08-219 16:46 o.s.a.r.l.SimpleMessageListenerContainer-Successfully waited for workers to finish.
2025-08-219 16:46 o.s.b.w.e.tomcat.GracefulShutdown-Commencing graceful shutdown. Waiting for active requests to complete
2025-08-219 16:46 o.s.b.w.e.tomcat.GracefulShutdown-Graceful shutdown complete
2025-08-219 16:46 o.s.a.r.l.SimpleMessageListenerContainer-Consumer raised exception, processing can restart if the connection factory supports it
org.springframework.amqp.AmqpIOException: java.io.IOException
	at org.springframework.amqp.rabbit.support.RabbitExceptionTranslator.convertRabbitAccessException(RabbitExceptionTranslator.java:70)
	at org.springframework.amqp.rabbit.connection.AbstractConnectionFactory.createBareConnection(AbstractConnectionFactory.java:632)
	at org.springframework.amqp.rabbit.connection.CachingConnectionFactory.createConnection(CachingConnectionFactory.java:726)
	at org.springframework.amqp.rabbit.connection.ConnectionFactoryUtils.createConnection(ConnectionFactoryUtils.java:257)
	at org.springframework.amqp.rabbit.connection.ConnectionFactoryUtils$RabbitResourceFactory.createConnection(ConnectionFactoryUtils.java:345)
	at org.springframework.amqp.rabbit.connection.ConnectionFactoryUtils.doGetTransactionalResourceHolder(ConnectionFactoryUtils.java:140)
	at org.springframework.amqp.rabbit.connection.ConnectionFactoryUtils.getTransactionalResourceHolder(ConnectionFactoryUtils.java:102)
	at org.springframework.amqp.rabbit.connection.ConnectionFactoryUtils.getTransactionalResourceHolder(ConnectionFactoryUtils.java:85)
	at org.springframework.amqp.rabbit.listener.BlockingQueueConsumer.start(BlockingQueueConsumer.java:625)
	at org.springframework.amqp.rabbit.listener.SimpleMessageListenerContainer$AsyncMessageProcessingConsumer.initialize(SimpleMessageListenerContainer.java:1482)
	at org.springframework.amqp.rabbit.listener.SimpleMessageListenerContainer$AsyncMessageProcessingConsumer.run(SimpleMessageListenerContainer.java:1322)
	at java.base/java.lang.Thread.run(Thread.java:840)
Caused by: java.io.IOException: null
	at com.rabbitmq.client.impl.AMQChannel.wrap(AMQChannel.java:140)
	at com.rabbitmq.client.impl.AMQChannel.wrap(AMQChannel.java:136)
	at com.rabbitmq.client.impl.AMQConnection.start(AMQConnection.java:406)
	at com.rabbitmq.client.ConnectionFactory.newConnection(ConnectionFactory.java:1251)
	at com.rabbitmq.client.ConnectionFactory.newConnection(ConnectionFactory.java:1198)
	at com.rabbitmq.client.ConnectionFactory.newConnection(ConnectionFactory.java:1369)
	at org.springframework.amqp.rabbit.connection.AbstractConnectionFactory.connectHostPort(AbstractConnectionFactory.java:695)
	at org.springframework.amqp.rabbit.connection.AbstractConnectionFactory.connect(AbstractConnectionFactory.java:650)
	at org.springframework.amqp.rabbit.connection.AbstractConnectionFactory.createBareConnection(AbstractConnectionFactory.java:593)
	... 10 common frames omitted
Caused by: com.rabbitmq.client.ShutdownSignalException: connection error
	at com.rabbitmq.utility.ValueOrException.getValue(ValueOrException.java:66)
	at com.rabbitmq.utility.BlockingValueOrException.uninterruptibleGetValue(BlockingValueOrException.java:36)
	at com.rabbitmq.client.impl.AMQChannel$BlockingRpcContinuation.getReply(AMQChannel.java:552)
	at com.rabbitmq.client.impl.AMQConnection.start(AMQConnection.java:336)
	... 16 common frames omitted
Caused by: java.net.SocketException: Connection reset
	at java.base/sun.nio.ch.NioSocketImpl.implRead(NioSocketImpl.java:328)
	at java.base/sun.nio.ch.NioSocketImpl.read(NioSocketImpl.java:355)
	at java.base/sun.nio.ch.NioSocketImpl$1.read(NioSocketImpl.java:808)
	at java.base/java.net.Socket$SocketInputStream.read(Socket.java:966)
	at java.base/java.io.BufferedInputStream.fill(BufferedInputStream.java:244)
	at java.base/java.io.BufferedInputStream.read(BufferedInputStream.java:263)
	at java.base/java.io.DataInputStream.readUnsignedByte(DataInputStream.java:288)
	at com.rabbitmq.client.impl.Frame.readFrom(Frame.java:91)
	at com.rabbitmq.client.impl.SocketFrameHandler.readFrame(SocketFrameHandler.java:199)
	at com.rabbitmq.client.impl.AMQConnection$MainLoop.run(AMQConnection.java:687)
	... 1 common frames omitted
2025-08-219 16:46 o.s.o.j.LocalContainerEntityManagerFactoryBean-Closing JPA EntityManagerFactory for persistence unit 'default'
2025-08-219 16:46 com.zaxxer.hikari.HikariDataSource-HikariPool-1 - Shutdown initiated...
2025-08-219 16:46 com.zaxxer.hikari.HikariDataSource-HikariPool-1 - Shutdown completed.
2025-08-219 16:46 o.h.validator.internal.util.Version-HV000001: Hibernate Validator 8.0.2.Final
2025-08-219 16:46 c.e.o.OrdersystemApplication-Starting OrdersystemApplication using Java 17.0.15 with PID 20803 (/Users/gwonsuyeon/Documents/ordersystem/out/production/classes started by gwonsuyeon in /Users/gwonsuyeon/Documents/ordersystem)
2025-08-219 16:46 c.e.o.OrdersystemApplication-The following 1 profile is active: "prod"
2025-08-219 16:46 o.s.d.r.c.RepositoryConfigurationDelegate-Multiple Spring Data modules found, entering strict repository configuration mode
2025-08-219 16:46 o.s.d.r.c.RepositoryConfigurationDelegate-Bootstrapping Spring Data JPA repositories in DEFAULT mode.
2025-08-219 16:46 o.s.d.r.c.RepositoryConfigurationDelegate-Finished Spring Data repository scanning in 52 ms. Found 4 JPA repository interfaces.
2025-08-219 16:46 o.s.d.r.c.RepositoryConfigurationDelegate-Multiple Spring Data modules found, entering strict repository configuration mode
2025-08-219 16:46 o.s.d.r.c.RepositoryConfigurationDelegate-Bootstrapping Spring Data Redis repositories in DEFAULT mode.
2025-08-219 16:46 o.s.d.r.c.RepositoryConfigurationExtensionSupport-Spring Data Redis - Could not safely identify store assignment for repository candidate interface com.example.ordersystem.member.repository.MemberRepository; If you want this repository to be a Redis repository, consider annotating your entities with one of these annotations: org.springframework.data.redis.core.RedisHash (preferred), or consider extending one of the following types with your repository: org.springframework.data.keyvalue.repository.KeyValueRepository
2025-08-219 16:46 o.s.d.r.c.RepositoryConfigurationExtensionSupport-Spring Data Redis - Could not safely identify store assignment for repository candidate interface com.example.ordersystem.ordering.repository.OrderDetailRepository; If you want this repository to be a Redis repository, consider annotating your entities with one of these annotations: org.springframework.data.redis.core.RedisHash (preferred), or consider extending one of the following types with your repository: org.springframework.data.keyvalue.repository.KeyValueRepository
2025-08-219 16:46 o.s.d.r.c.RepositoryConfigurationExtensionSupport-Spring Data Redis - Could not safely identify store assignment for repository candidate interface com.example.ordersystem.ordering.repository.OrderingRepository; If you want this repository to be a Redis repository, consider annotating your entities with one of these annotations: org.springframework.data.redis.core.RedisHash (preferred), or consider extending one of the following types with your repository: org.springframework.data.keyvalue.repository.KeyValueRepository
2025-08-219 16:46 o.s.d.r.c.RepositoryConfigurationExtensionSupport-Spring Data Redis - Could not safely identify store assignment for repository candidate interface com.example.ordersystem.product.repository.ProductRepository; If you want this repository to be a Redis repository, consider annotating your entities with one of these annotations: org.springframework.data.redis.core.RedisHash (preferred), or consider extending one of the following types with your repository: org.springframework.data.keyvalue.repository.KeyValueRepository
2025-08-219 16:46 o.s.d.r.c.RepositoryConfigurationDelegate-Finished Spring Data repository scanning in 3 ms. Found 0 Redis repository interfaces.
2025-08-219 16:46 o.s.b.w.e.tomcat.TomcatWebServer-Tomcat initialized with port 8080 (http)
2025-08-219 16:46 o.a.coyote.http11.Http11NioProtocol-Initializing ProtocolHandler ["http-nio-8080"]
2025-08-219 16:46 o.a.catalina.core.StandardService-Starting service [Tomcat]
2025-08-219 16:46 o.a.catalina.core.StandardEngine-Starting Servlet engine: [Apache Tomcat/10.1.43]
2025-08-219 16:46 o.a.c.c.C.[Tomcat].[localhost].[/]-Initializing Spring embedded WebApplicationContext
2025-08-219 16:46 o.s.b.w.s.c.ServletWebServerApplicationContext-Root WebApplicationContext: initialization completed in 667 ms
2025-08-219 16:46 o.h.jpa.internal.util.LogHelper-HHH000204: Processing PersistenceUnitInfo [name: default]
2025-08-219 16:46 org.hibernate.Version-HHH000412: Hibernate ORM core version 6.6.22.Final
2025-08-219 16:46 o.h.c.i.RegionFactoryInitiator-HHH000026: Second-level cache disabled
2025-08-219 16:46 o.s.o.j.p.SpringPersistenceUnitInfo-No LoadTimeWeaver setup: ignoring JPA class transformer
2025-08-219 16:46 com.zaxxer.hikari.HikariDataSource-HikariPool-1 - Starting...
2025-08-219 16:46 com.zaxxer.hikari.pool.HikariPool-HikariPool-1 - Added connection org.mariadb.jdbc.Connection@614d7fbf
2025-08-219 16:46 com.zaxxer.hikari.HikariDataSource-HikariPool-1 - Start completed.
2025-08-219 16:46 org.hibernate.orm.deprecation-HHH90000025: MariaDBDialect does not need to be specified explicitly using 'hibernate.dialect' (remove the property setting and it will be selected by default)
2025-08-219 16:46 o.hibernate.orm.connections.pooling-HHH10001005: Database info:
	Database JDBC URL [Connecting through datasource 'HikariDataSource (HikariPool-1)']
	Database driver: undefined/unknown
	Database version: 11.8.2
	Autocommit mode: undefined/unknown
	Isolation level: undefined/unknown
	Minimum pool size: undefined/unknown
	Maximum pool size: undefined/unknown
2025-08-219 16:46 o.h.e.t.j.p.i.JtaPlatformInitiator-HHH000489: No JTA platform available (set 'hibernate.transaction.jta.platform' to enable JTA platform integration)
2025-08-219 16:46 o.s.o.j.LocalContainerEntityManagerFactoryBean-Initialized JPA EntityManagerFactory for persistence unit 'default'
2025-08-219 16:46 o.s.b.a.o.j.JpaBaseConfiguration$JpaWebConfiguration-spring.jpa.open-in-view is enabled by default. Therefore, database queries may be performed during view rendering. Explicitly configure spring.jpa.open-in-view to disable this warning
2025-08-219 16:46 o.s.b.a.s.s.UserDetailsServiceAutoConfiguration-

Using generated security password: 224c744d-e108-46b5-8877-04db1e45531d

This generated password is for development use only. Your security configuration must be updated before running your application in production.

2025-08-219 16:46 o.s.s.c.a.a.c.InitializeUserDetailsBeanManagerConfigurer$InitializeUserDetailsManagerConfigurer-Global AuthenticationManager configured with UserDetailsService bean with name inMemoryUserDetailsManager
2025-08-219 16:46 o.a.coyote.http11.Http11NioProtocol-Starting ProtocolHandler ["http-nio-8080"]
2025-08-219 16:46 o.s.b.w.e.tomcat.TomcatWebServer-Tomcat started on port 8080 (http) with context path '/'
2025-08-219 16:46 o.s.a.r.c.CachingConnectionFactory-Attempting to connect to: localhost:5672
2025-08-219 16:46 o.s.a.r.c.CachingConnectionFactory-Created new connection: connectionFactory#c53dfb2:0/SimpleConnection@46135aba [delegate=amqp://guest@127.0.0.1:5672/, localPort=52259]
2025-08-219 16:46 c.e.o.OrdersystemApplication-Started OrdersystemApplication in 2.286 seconds (process running for 2.549)
2025-08-219 16:47 o.a.c.c.C.[Tomcat].[localhost].[/]-Initializing Spring DispatcherServlet 'dispatcherServlet'
2025-08-219 16:47 o.s.web.servlet.DispatcherServlet-Initializing Servlet 'dispatcherServlet'
2025-08-219 16:47 o.s.web.servlet.DispatcherServlet-Completed initialization in 1 ms
2025-08-219 16:48 o.s.d.w.c.SpringDataJacksonConfiguration$PageModule$WarningLoggingModifier-Serializing PageImpl instances as-is is not supported, meaning that there is no guarantee about the stability of the resulting JSON structure!
	For a stable JSON structure, please use Spring Data's PagedModel (globally via @EnableSpringDataWebSupport(pageSerializationMode = VIA_DTO))
	or Spring HATEOAS and Spring Data's PagedResourcesAssembler as documented in https://docs.spring.io/spring-data/commons/reference/repositories/core-extensions.html#core.web.pageables.

2025-08-219 17:19 o.s.a.r.l.SimpleMessageListenerContainer-Waiting for workers to finish.
2025-08-219 17:19 o.s.a.r.l.SimpleMessageListenerContainer-Successfully waited for workers to finish.
2025-08-219 17:19 o.s.b.w.e.tomcat.GracefulShutdown-Commencing graceful shutdown. Waiting for active requests to complete
2025-08-219 17:19 o.s.b.w.e.tomcat.GracefulShutdown-Graceful shutdown complete
2025-08-219 17:19 o.s.o.j.LocalContainerEntityManagerFactoryBean-Closing JPA EntityManagerFactory for persistence unit 'default'
2025-08-219 17:19 com.zaxxer.hikari.HikariDataSource-HikariPool-1 - Shutdown initiated...
2025-08-219 17:19 com.zaxxer.hikari.HikariDataSource-HikariPool-1 - Shutdown completed.
