2025-08-224 09:55 o.h.validator.internal.util.Version-HV000001: Hibernate Validator 8.0.2.Final
2025-08-224 09:55 c.e.o.OrdersystemApplication-Starting OrdersystemApplication using Java 17.0.15 with PID 1654 (/Users/gwonsuyeon/Documents/ordersystem/out/production/classes started by gwonsuyeon in /Users/gwonsuyeon/Documents/ordersystem)
2025-08-224 09:55 c.e.o.OrdersystemApplication-The following 1 profile is active: "prod"
2025-08-224 09:55 o.s.d.r.c.RepositoryConfigurationDelegate-Multiple Spring Data modules found, entering strict repository configuration mode
2025-08-224 09:55 o.s.d.r.c.RepositoryConfigurationDelegate-Bootstrapping Spring Data JPA repositories in DEFAULT mode.
2025-08-224 09:55 o.s.d.r.c.RepositoryConfigurationDelegate-Finished Spring Data repository scanning in 66 ms. Found 4 JPA repository interfaces.
2025-08-224 09:55 o.s.d.r.c.RepositoryConfigurationDelegate-Multiple Spring Data modules found, entering strict repository configuration mode
2025-08-224 09:55 o.s.d.r.c.RepositoryConfigurationDelegate-Bootstrapping Spring Data Redis repositories in DEFAULT mode.
2025-08-224 09:55 o.s.d.r.c.RepositoryConfigurationExtensionSupport-Spring Data Redis - Could not safely identify store assignment for repository candidate interface com.example.ordersystem.member.repository.MemberRepository; If you want this repository to be a Redis repository, consider annotating your entities with one of these annotations: org.springframework.data.redis.core.RedisHash (preferred), or consider extending one of the following types with your repository: org.springframework.data.keyvalue.repository.KeyValueRepository
2025-08-224 09:55 o.s.d.r.c.RepositoryConfigurationExtensionSupport-Spring Data Redis - Could not safely identify store assignment for repository candidate interface com.example.ordersystem.ordering.repository.OrderDetailRepository; If you want this repository to be a Redis repository, consider annotating your entities with one of these annotations: org.springframework.data.redis.core.RedisHash (preferred), or consider extending one of the following types with your repository: org.springframework.data.keyvalue.repository.KeyValueRepository
2025-08-224 09:55 o.s.d.r.c.RepositoryConfigurationExtensionSupport-Spring Data Redis - Could not safely identify store assignment for repository candidate interface com.example.ordersystem.ordering.repository.OrderingRepository; If you want this repository to be a Redis repository, consider annotating your entities with one of these annotations: org.springframework.data.redis.core.RedisHash (preferred), or consider extending one of the following types with your repository: org.springframework.data.keyvalue.repository.KeyValueRepository
2025-08-224 09:55 o.s.d.r.c.RepositoryConfigurationExtensionSupport-Spring Data Redis - Could not safely identify store assignment for repository candidate interface com.example.ordersystem.product.repository.ProductRepository; If you want this repository to be a Redis repository, consider annotating your entities with one of these annotations: org.springframework.data.redis.core.RedisHash (preferred), or consider extending one of the following types with your repository: org.springframework.data.keyvalue.repository.KeyValueRepository
2025-08-224 09:55 o.s.d.r.c.RepositoryConfigurationDelegate-Finished Spring Data repository scanning in 4 ms. Found 0 Redis repository interfaces.
2025-08-224 09:55 o.s.b.w.e.tomcat.TomcatWebServer-Tomcat initialized with port 8080 (http)
2025-08-224 09:55 o.a.coyote.http11.Http11NioProtocol-Initializing ProtocolHandler ["http-nio-8080"]
2025-08-224 09:55 o.a.catalina.core.StandardService-Starting service [Tomcat]
2025-08-224 09:55 o.a.catalina.core.StandardEngine-Starting Servlet engine: [Apache Tomcat/10.1.43]
2025-08-224 09:55 o.a.c.c.C.[Tomcat].[localhost].[/]-Initializing Spring embedded WebApplicationContext
2025-08-224 09:55 o.s.b.w.s.c.ServletWebServerApplicationContext-Root WebApplicationContext: initialization completed in 973 ms
2025-08-224 09:55 o.h.jpa.internal.util.LogHelper-HHH000204: Processing PersistenceUnitInfo [name: default]
2025-08-224 09:55 org.hibernate.Version-HHH000412: Hibernate ORM core version 6.6.22.Final
2025-08-224 09:55 o.h.c.i.RegionFactoryInitiator-HHH000026: Second-level cache disabled
2025-08-224 09:55 o.s.o.j.p.SpringPersistenceUnitInfo-No LoadTimeWeaver setup: ignoring JPA class transformer
2025-08-224 09:55 com.zaxxer.hikari.HikariDataSource-HikariPool-1 - Starting...
2025-08-224 09:55 com.zaxxer.hikari.pool.HikariPool-HikariPool-1 - Added connection org.mariadb.jdbc.Connection@7a274521
2025-08-224 09:55 com.zaxxer.hikari.HikariDataSource-HikariPool-1 - Start completed.
2025-08-224 09:55 org.hibernate.orm.deprecation-HHH90000025: MariaDBDialect does not need to be specified explicitly using 'hibernate.dialect' (remove the property setting and it will be selected by default)
2025-08-224 09:55 o.hibernate.orm.connections.pooling-HHH10001005: Database info:
	Database JDBC URL [Connecting through datasource 'HikariDataSource (HikariPool-1)']
	Database driver: undefined/unknown
	Database version: 11.8.2
	Autocommit mode: undefined/unknown
	Isolation level: undefined/unknown
	Minimum pool size: undefined/unknown
	Maximum pool size: undefined/unknown
2025-08-224 09:55 o.h.e.t.j.p.i.JtaPlatformInitiator-HHH000489: No JTA platform available (set 'hibernate.transaction.jta.platform' to enable JTA platform integration)
2025-08-224 09:55 o.s.o.j.LocalContainerEntityManagerFactoryBean-Initialized JPA EntityManagerFactory for persistence unit 'default'
2025-08-224 09:55 o.s.b.a.o.j.JpaBaseConfiguration$JpaWebConfiguration-spring.jpa.open-in-view is enabled by default. Therefore, database queries may be performed during view rendering. Explicitly configure spring.jpa.open-in-view to disable this warning
2025-08-224 09:55 o.s.b.a.s.s.UserDetailsServiceAutoConfiguration-

Using generated security password: 7b323d91-ad47-4e20-8b1c-05cfc7b5a157

This generated password is for development use only. Your security configuration must be updated before running your application in production.

2025-08-224 09:55 o.s.s.c.a.a.c.InitializeUserDetailsBeanManagerConfigurer$InitializeUserDetailsManagerConfigurer-Global AuthenticationManager configured with UserDetailsService bean with name inMemoryUserDetailsManager
2025-08-224 09:55 o.a.coyote.http11.Http11NioProtocol-Starting ProtocolHandler ["http-nio-8080"]
2025-08-224 09:55 o.s.b.w.e.tomcat.TomcatWebServer-Tomcat started on port 8080 (http) with context path '/'
2025-08-224 09:55 o.s.a.r.c.CachingConnectionFactory-Attempting to connect to: localhost:5672
2025-08-224 09:55 o.s.a.r.c.CachingConnectionFactory-Created new connection: connectionFactory#67d6bb59:0/SimpleConnection@71c1ba6d [delegate=amqp://guest@127.0.0.1:5672/, localPort=49532]
2025-08-224 09:55 c.e.o.OrdersystemApplication-Started OrdersystemApplication in 2.993 seconds (process running for 3.329)
2025-08-224 09:55 o.a.c.c.C.[Tomcat].[localhost].[/]-Initializing Spring DispatcherServlet 'dispatcherServlet'
2025-08-224 09:55 o.s.web.servlet.DispatcherServlet-Initializing Servlet 'dispatcherServlet'
2025-08-224 09:55 o.s.web.servlet.DispatcherServlet-Completed initialization in 1 ms
2025-08-224 09:57 o.s.d.w.c.SpringDataJacksonConfiguration$PageModule$WarningLoggingModifier-Serializing PageImpl instances as-is is not supported, meaning that there is no guarantee about the stability of the resulting JSON structure!
	For a stable JSON structure, please use Spring Data's PagedModel (globally via @EnableSpringDataWebSupport(pageSerializationMode = VIA_DTO))
	or Spring HATEOAS and Spring Data's PagedResourcesAssembler as documented in https://docs.spring.io/spring-data/commons/reference/repositories/core-extensions.html#core.web.pageables.

2025-08-224 10:01 com.zaxxer.hikari.pool.HikariPool-HikariPool-1 - Thread starvation or clock leap detected (housekeeper delta=1m30s491ms).
2025-08-224 10:04 c.e.o.c.s.CommonExceptionHandler-email 또는 비밀번호가 일치하지 않습니다.
2025-08-224 10:45 com.zaxxer.hikari.pool.HikariPool-HikariPool-1 - Retrograde clock change detected (housekeeper delta=27s884ms), soft-evicting connections from pool.
2025-08-224 11:02 com.zaxxer.hikari.pool.HikariPool-HikariPool-1 - Thread starvation or clock leap detected (housekeeper delta=8m27s951ms).
2025-08-224 11:40 com.zaxxer.hikari.pool.HikariPool-HikariPool-1 - Retrograde clock change detected (housekeeper delta=29s691ms), soft-evicting connections from pool.
2025-08-224 12:03 com.zaxxer.hikari.pool.HikariPool-HikariPool-1 - Thread starvation or clock leap detected (housekeeper delta=7m50s435ms).
2025-08-224 13:31 com.zaxxer.hikari.pool.HikariPool-HikariPool-1 - Thread starvation or clock leap detected (housekeeper delta=38m40s767ms).
2025-08-224 13:44 com.zaxxer.hikari.pool.HikariPool-HikariPool-1 - Thread starvation or clock leap detected (housekeeper delta=1m11s577ms).
2025-08-224 13:59 com.zaxxer.hikari.pool.HikariPool-HikariPool-1 - Thread starvation or clock leap detected (housekeeper delta=12m28s699ms).
2025-08-224 15:22 com.zaxxer.hikari.pool.HikariPool-HikariPool-1 - Retrograde clock change detected (housekeeper delta=27s675ms), soft-evicting connections from pool.
2025-08-224 15:48 c.e.o.c.s.CommonExceptionHandler-Validation failed for argument [0] in public org.springframework.http.ResponseEntity<?> com.example.ordersystem.product.controller.ProductController.addProduct(com.example.ordersystem.product.dto.ProductCreateDto) with 3 errors: [Field error in object 'productCreateDto' on field 'price': rejected value [null]; codes [typeMismatch.productCreateDto.price,typeMismatch.price,typeMismatch.int,typeMismatch]; arguments [org.springframework.context.support.DefaultMessageSourceResolvable: codes [productCreateDto.price,price]; arguments []; default message [price]]; default message [Failed to convert property value of type 'java.lang.String' to required type 'int' for property 'price'; For input string: "null"]] [Field error in object 'productCreateDto' on field 'productImage': rejected value [null]; codes [typeMismatch.productCreateDto.productImage,typeMismatch.productImage,typeMismatch.org.springframework.web.multipart.MultipartFile,typeMismatch]; arguments [org.springframework.context.support.DefaultMessageSourceResolvable: codes [productCreateDto.productImage,productImage]; arguments []; default message [productImage]]; default message [Failed to convert property value of type 'java.lang.String' to required type 'org.springframework.web.multipart.MultipartFile' for property 'productImage'; Cannot convert value of type 'java.lang.String' to required type 'org.springframework.web.multipart.MultipartFile' for property 'productImage': no matching editors or conversion strategy found]] [Field error in object 'productCreateDto' on field 'stockQuantity': rejected value [null]; codes [typeMismatch.productCreateDto.stockQuantity,typeMismatch.stockQuantity,typeMismatch.int,typeMismatch]; arguments [org.springframework.context.support.DefaultMessageSourceResolvable: codes [productCreateDto.stockQuantity,stockQuantity]; arguments []; default message [stockQuantity]]; default message [Failed to convert property value of type 'java.lang.String' to required type 'int' for property 'stockQuantity'; For input string: "null"]] 
2025-08-224 15:50 c.e.o.c.s.CommonExceptionHandler-Validation failed for argument [0] in public org.springframework.http.ResponseEntity<?> com.example.ordersystem.product.controller.ProductController.addProduct(com.example.ordersystem.product.dto.ProductCreateDto): [Field error in object 'productCreateDto' on field 'productImage': rejected value [null]; codes [typeMismatch.productCreateDto.productImage,typeMismatch.productImage,typeMismatch.org.springframework.web.multipart.MultipartFile,typeMismatch]; arguments [org.springframework.context.support.DefaultMessageSourceResolvable: codes [productCreateDto.productImage,productImage]; arguments []; default message [productImage]]; default message [Failed to convert property value of type 'java.lang.String' to required type 'org.springframework.web.multipart.MultipartFile' for property 'productImage'; Cannot convert value of type 'java.lang.String' to required type 'org.springframework.web.multipart.MultipartFile' for property 'productImage': no matching editors or conversion strategy found]] 
2025-08-224 15:52 c.e.o.c.s.CommonExceptionHandler-Validation failed for argument [0] in public org.springframework.http.ResponseEntity<?> com.example.ordersystem.product.controller.ProductController.addProduct(com.example.ordersystem.product.dto.ProductCreateDto): [Field error in object 'productCreateDto' on field 'productImage': rejected value [null]; codes [typeMismatch.productCreateDto.productImage,typeMismatch.productImage,typeMismatch.org.springframework.web.multipart.MultipartFile,typeMismatch]; arguments [org.springframework.context.support.DefaultMessageSourceResolvable: codes [productCreateDto.productImage,productImage]; arguments []; default message [productImage]]; default message [Failed to convert property value of type 'java.lang.String' to required type 'org.springframework.web.multipart.MultipartFile' for property 'productImage'; Cannot convert value of type 'java.lang.String' to required type 'org.springframework.web.multipart.MultipartFile' for property 'productImage': no matching editors or conversion strategy found]] 
2025-08-224 15:52 c.e.o.c.s.CommonExceptionHandler-Validation failed for argument [0] in public org.springframework.http.ResponseEntity<?> com.example.ordersystem.product.controller.ProductController.addProduct(com.example.ordersystem.product.dto.ProductCreateDto): [Field error in object 'productCreateDto' on field 'productImage': rejected value [null]; codes [typeMismatch.productCreateDto.productImage,typeMismatch.productImage,typeMismatch.org.springframework.web.multipart.MultipartFile,typeMismatch]; arguments [org.springframework.context.support.DefaultMessageSourceResolvable: codes [productCreateDto.productImage,productImage]; arguments []; default message [productImage]]; default message [Failed to convert property value of type 'java.lang.String' to required type 'org.springframework.web.multipart.MultipartFile' for property 'productImage'; Cannot convert value of type 'java.lang.String' to required type 'org.springframework.web.multipart.MultipartFile' for property 'productImage': no matching editors or conversion strategy found]] 
2025-08-224 16:15 o.s.a.r.l.SimpleMessageListenerContainer-Waiting for workers to finish.
2025-08-224 16:15 o.s.a.r.l.SimpleMessageListenerContainer-Successfully waited for workers to finish.
2025-08-224 16:15 o.s.b.w.e.tomcat.GracefulShutdown-Commencing graceful shutdown. Waiting for active requests to complete
2025-08-224 16:15 o.s.b.w.e.tomcat.GracefulShutdown-Graceful shutdown complete
2025-08-224 16:15 o.s.o.j.LocalContainerEntityManagerFactoryBean-Closing JPA EntityManagerFactory for persistence unit 'default'
2025-08-224 16:15 com.zaxxer.hikari.HikariDataSource-HikariPool-1 - Shutdown initiated...
2025-08-224 16:15 com.zaxxer.hikari.HikariDataSource-HikariPool-1 - Shutdown completed.
